Analysis & Synthesis report for Lab10
Mon May 05 10:09:59 2025
Quartus II Version 9.1 Build 350 03/24/2010 Service Pack 2 SJ Web Edition


---------------------
; Table of Contents ;
---------------------
  1. Legal Notice
  2. Analysis & Synthesis Summary
  3. Analysis & Synthesis Settings
  4. Parallel Compilation
  5. Analysis & Synthesis Source Files Read
  6. Analysis & Synthesis Resource Usage Summary
  7. Analysis & Synthesis Resource Utilization by Entity
  8. General Register Statistics
  9. Multiplexer Restructuring Statistics (Restructuring Performed)
 10. Analysis & Synthesis Messages



----------------
; Legal Notice ;
----------------
Copyright (C) 1991-2010 Altera Corporation
Your use of Altera Corporation's design tools, logic functions 
and other software and tools, and its AMPP partner logic 
functions, and any output files from any of the foregoing 
(including device programming or simulation files), and any 
associated documentation or information are expressly subject 
to the terms and conditions of the Altera Program License 
Subscription Agreement, Altera MegaCore Function License 
Agreement, or other applicable license agreement, including, 
without limitation, that your use is for the sole purpose of 
programming logic devices manufactured by Altera and sold by 
Altera or its authorized distributors.  Please refer to the 
applicable agreement for further details.



+----------------------------------------------------------------------------+
; Analysis & Synthesis Summary                                               ;
+-----------------------------+----------------------------------------------+
; Analysis & Synthesis Status ; Successful - Mon May 05 10:09:59 2025        ;
; Quartus II Version          ; 9.1 Build 350 03/24/2010 SP 2 SJ Web Edition ;
; Revision Name               ; Lab10                                        ;
; Top-level Entity Name       ; IC_2                                         ;
; Family                      ; MAX II                                       ;
; Total logic elements        ; 543                                          ;
; Total pins                  ; 23                                           ;
; Total virtual pins          ; 0                                            ;
; UFM blocks                  ; 0 / 1 ( 0 % )                                ;
+-----------------------------+----------------------------------------------+


+----------------------------------------------------------------------------------------------------------------------+
; Analysis & Synthesis Settings                                                                                        ;
+----------------------------------------------------------------------------+--------------------+--------------------+
; Option                                                                     ; Setting            ; Default Value      ;
+----------------------------------------------------------------------------+--------------------+--------------------+
; Top-level entity name                                                      ; IC_2               ; Lab10              ;
; Family name                                                                ; MAX II             ; Stratix II         ;
; Use Generated Physical Constraints File                                    ; Off                ;                    ;
; Use smart compilation                                                      ; Off                ; Off                ;
; Enable parallel Assembler and TimeQuest Timing Analyzer during compilation ; On                 ; On                 ;
; Enable compact report table                                                ; Off                ; Off                ;
; Restructure Multiplexers                                                   ; Auto               ; Auto               ;
; Create Debugging Nodes for IP Cores                                        ; Off                ; Off                ;
; Preserve fewer node names                                                  ; On                 ; On                 ;
; Disable OpenCore Plus hardware evaluation                                  ; Off                ; Off                ;
; Verilog Version                                                            ; Verilog_2001       ; Verilog_2001       ;
; VHDL Version                                                               ; VHDL_1993          ; VHDL_1993          ;
; State Machine Processing                                                   ; Auto               ; Auto               ;
; Safe State Machine                                                         ; Off                ; Off                ;
; Extract Verilog State Machines                                             ; On                 ; On                 ;
; Extract VHDL State Machines                                                ; On                 ; On                 ;
; Ignore Verilog initial constructs                                          ; Off                ; Off                ;
; Iteration limit for constant Verilog loops                                 ; 5000               ; 5000               ;
; Iteration limit for non-constant Verilog loops                             ; 250                ; 250                ;
; Add Pass-Through Logic to Inferred RAMs                                    ; On                 ; On                 ;
; Parallel Synthesis                                                         ; On                 ; On                 ;
; NOT Gate Push-Back                                                         ; On                 ; On                 ;
; Power-Up Don't Care                                                        ; On                 ; On                 ;
; Remove Redundant Logic Cells                                               ; Off                ; Off                ;
; Remove Duplicate Registers                                                 ; On                 ; On                 ;
; Ignore CARRY Buffers                                                       ; Off                ; Off                ;
; Ignore CASCADE Buffers                                                     ; Off                ; Off                ;
; Ignore GLOBAL Buffers                                                      ; Off                ; Off                ;
; Ignore ROW GLOBAL Buffers                                                  ; Off                ; Off                ;
; Ignore LCELL Buffers                                                       ; Off                ; Off                ;
; Ignore SOFT Buffers                                                        ; On                 ; On                 ;
; Limit AHDL Integers to 32 Bits                                             ; Off                ; Off                ;
; Optimization Technique                                                     ; Balanced           ; Balanced           ;
; Carry Chain Length                                                         ; 70                 ; 70                 ;
; Auto Carry Chains                                                          ; On                 ; On                 ;
; Auto Open-Drain Pins                                                       ; On                 ; On                 ;
; Perform WYSIWYG Primitive Resynthesis                                      ; Off                ; Off                ;
; Auto Shift Register Replacement                                            ; Auto               ; Auto               ;
; Auto Clock Enable Replacement                                              ; On                 ; On                 ;
; Allow Synchronous Control Signals                                          ; On                 ; On                 ;
; Force Use of Synchronous Clear Signals                                     ; Off                ; Off                ;
; Auto Resource Sharing                                                      ; Off                ; Off                ;
; Use LogicLock Constraints during Resource Balancing                        ; On                 ; On                 ;
; Ignore translate_off and synthesis_off directives                          ; Off                ; Off                ;
; Show Parameter Settings Tables in Synthesis Report                         ; On                 ; On                 ;
; Ignore Maximum Fan-Out Assignments                                         ; Off                ; Off                ;
; Synchronization Register Chain Length                                      ; 2                  ; 2                  ;
; PowerPlay Power Optimization                                               ; Normal compilation ; Normal compilation ;
; HDL message level                                                          ; Level2             ; Level2             ;
; Suppress Register Optimization Related Messages                            ; Off                ; Off                ;
; Number of Removed Registers Reported in Synthesis Report                   ; 5000               ; 5000               ;
; Number of Inverted Registers Reported in Synthesis Report                  ; 100                ; 100                ;
; Clock MUX Protection                                                       ; On                 ; On                 ;
; Block Design Naming                                                        ; Auto               ; Auto               ;
; Synthesis Effort                                                           ; Auto               ; Auto               ;
; Shift Register Replacement - Allow Asynchronous Clear Signal               ; On                 ; On                 ;
; Analysis & Synthesis Message Level                                         ; Medium             ; Medium             ;
; Disable Register Merging Across Hierarchies                                ; Auto               ; Auto               ;
+----------------------------------------------------------------------------+--------------------+--------------------+


Parallel compilation was disabled, but you have multiple processors available. Enable parallel compilation to reduce compilation time.
+-------------------------------------+
; Parallel Compilation                ;
+----------------------------+--------+
; Processors                 ; Number ;
+----------------------------+--------+
; Number detected on machine ; 10     ;
; Maximum allowed            ; 1      ;
+----------------------------+--------+


+---------------------------------------------------------------------------------------------------------------------------------------------------------+
; Analysis & Synthesis Source Files Read                                                                                                                  ;
+----------------------------------+-----------------+------------------------------------+---------------------------------------------------------------+
; File Name with User-Entered Path ; Used in Netlist ; File Type                          ; File Name with Absolute Path                                  ;
+----------------------------------+-----------------+------------------------------------+---------------------------------------------------------------+
; ../Lab2/8BitAdder.bdf            ; yes             ; User Block Diagram/Schematic File  ; C:/Users/CatWarrior/Documents/AC/Lab2/8BitAdder.bdf           ;
; ../Lab2/FullAdder.bdf            ; yes             ; User Block Diagram/Schematic File  ; C:/Users/CatWarrior/Documents/AC/Lab2/FullAdder.bdf           ;
; ../Lab2/8BitAdderSubtractor.bdf  ; yes             ; User Block Diagram/Schematic File  ; C:/Users/CatWarrior/Documents/AC/Lab2/8BitAdderSubtractor.bdf ;
; ../Lab6/8bitRegister.bdf         ; yes             ; User Block Diagram/Schematic File  ; C:/Users/CatWarrior/Documents/AC/Lab6/8bitRegister.bdf        ;
; RAM8bitx32loc.v                  ; yes             ; User Verilog HDL File              ; C:/Users/CatWarrior/Documents/AC/Lab10/RAM8bitx32loc.v        ;
; DP.bdf                           ; yes             ; User Block Diagram/Schematic File  ; C:/Users/CatWarrior/Documents/AC/Lab10/DP.bdf                 ;
; Mux2to1.v                        ; yes             ; User Verilog HDL File              ; C:/Users/CatWarrior/Documents/AC/Lab10/Mux2to1.v              ;
; RegisterIR.v                     ; yes             ; User Verilog HDL File              ; C:/Users/CatWarrior/Documents/AC/Lab10/RegisterIR.v           ;
; Register5bit.v                   ; yes             ; User Verilog HDL File              ; C:/Users/CatWarrior/Documents/AC/Lab10/Register5bit.v         ;
; Increment5bit.v                  ; yes             ; User Verilog HDL File              ; C:/Users/CatWarrior/Documents/AC/Lab10/Increment5bit.v        ;
; Mux4to1.v                        ; yes             ; User Verilog HDL File              ; C:/Users/CatWarrior/Documents/AC/Lab10/Mux4to1.v              ;
; IC_2.bdf                         ; yes             ; User Block Diagram/Schematic File  ; C:/Users/CatWarrior/Documents/AC/Lab10/IC_2.bdf               ;
; CU.bdf                           ; yes             ; User Block Diagram/Schematic File  ; C:/Users/CatWarrior/Documents/AC/Lab10/CU.bdf                 ;
; Dff_M.bdf                        ; yes             ; User Block Diagram/Schematic File  ; C:/Users/CatWarrior/Documents/AC/Lab10/Dff_M.bdf              ;
+----------------------------------+-----------------+------------------------------------+---------------------------------------------------------------+


+-----------------------------------------------------+
; Analysis & Synthesis Resource Usage Summary         ;
+---------------------------------------------+-------+
; Resource                                    ; Usage ;
+---------------------------------------------+-------+
; Total logic elements                        ; 543   ;
;     -- Combinational with no register       ; 254   ;
;     -- Register only                        ; 233   ;
;     -- Combinational with a register        ; 56    ;
;                                             ;       ;
; Logic element usage by number of LUT inputs ;       ;
;     -- 4 input functions                    ; 208   ;
;     -- 3 input functions                    ; 62    ;
;     -- 2 input functions                    ; 16    ;
;     -- 1 input functions                    ; 24    ;
;     -- 0 input functions                    ; 0     ;
;                                             ;       ;
; Logic elements by mode                      ;       ;
;     -- normal mode                          ; 539   ;
;     -- arithmetic mode                      ; 4     ;
;     -- qfbk mode                            ; 0     ;
;     -- register cascade mode                ; 0     ;
;     -- synchronous clear/load mode          ; 13    ;
;     -- asynchronous clear/load mode         ; 12    ;
;                                             ;       ;
; Total registers                             ; 289   ;
; Total logic cells in carry chains           ; 5     ;
; I/O pins                                    ; 23    ;
; Maximum fan-out node                        ; CLK   ;
; Maximum fan-out                             ; 282   ;
; Total fan-out                               ; 1918  ;
; Average fan-out                             ; 3.39  ;
+---------------------------------------------+-------+


+------------------------------------------------------------------------------------------------------------------------------------------------------------------------------------------------------------------------------------------------------------------------------------+
; Analysis & Synthesis Resource Utilization by Entity                                                                                                                                                                                                                                ;
+------------------------------------+-------------+--------------+------------+------+--------------+--------------+-------------------+------------------+-----------------+------------+---------------------------------------------------------------------------+--------------+
; Compilation Hierarchy Node         ; Logic Cells ; LC Registers ; UFM Blocks ; Pins ; Virtual Pins ; LUT-Only LCs ; Register-Only LCs ; LUT/Register LCs ; Carry Chain LCs ; Packed LCs ; Full Hierarchy Name                                                       ; Library Name ;
+------------------------------------+-------------+--------------+------------+------+--------------+--------------+-------------------+------------------+-----------------+------------+---------------------------------------------------------------------------+--------------+
; |IC_2                              ; 543 (0)     ; 289          ; 0          ; 23   ; 0            ; 254 (0)      ; 233 (0)           ; 56 (0)           ; 5 (0)           ; 0 (0)      ; |IC_2                                                                     ; work         ;
;    |CU:inst1|                      ; 17 (13)     ; 4            ; 0          ; 0    ; 0            ; 13 (13)      ; 0 (0)             ; 4 (0)            ; 0 (0)           ; 0 (0)      ; |IC_2|CU:inst1                                                            ; work         ;
;       |Dff_M:inst44|               ; 1 (1)       ; 1            ; 0          ; 0    ; 0            ; 0 (0)        ; 0 (0)             ; 1 (1)            ; 0 (0)           ; 0 (0)      ; |IC_2|CU:inst1|Dff_M:inst44                                               ; work         ;
;       |Dff_M:inst45|               ; 1 (1)       ; 1            ; 0          ; 0    ; 0            ; 0 (0)        ; 0 (0)             ; 1 (1)            ; 0 (0)           ; 0 (0)      ; |IC_2|CU:inst1|Dff_M:inst45                                               ; work         ;
;       |Dff_M:inst46|               ; 1 (1)       ; 1            ; 0          ; 0    ; 0            ; 0 (0)        ; 0 (0)             ; 1 (1)            ; 0 (0)           ; 0 (0)      ; |IC_2|CU:inst1|Dff_M:inst46                                               ; work         ;
;       |Dff_M:inst47|               ; 1 (1)       ; 1            ; 0          ; 0    ; 0            ; 0 (0)        ; 0 (0)             ; 1 (1)            ; 0 (0)           ; 0 (0)      ; |IC_2|CU:inst1|Dff_M:inst47                                               ; work         ;
;    |DP:inst3|                      ; 526 (0)     ; 285          ; 0          ; 0    ; 0            ; 241 (0)      ; 233 (0)           ; 52 (0)           ; 5 (0)           ; 0 (0)      ; |IC_2|DP:inst3                                                            ; work         ;
;       |8BitAdderSubtractor:inst15| ; 17 (1)      ; 0            ; 0          ; 0    ; 0            ; 17 (1)       ; 0 (0)             ; 0 (0)            ; 0 (0)           ; 0 (0)      ; |IC_2|DP:inst3|8BitAdderSubtractor:inst15                                 ; work         ;
;          |8BitAdder:inst|          ; 16 (0)      ; 0            ; 0          ; 0    ; 0            ; 16 (0)       ; 0 (0)             ; 0 (0)            ; 0 (0)           ; 0 (0)      ; |IC_2|DP:inst3|8BitAdderSubtractor:inst15|8BitAdder:inst                  ; work         ;
;             |FullAdder:inst10|     ; 2 (2)       ; 0            ; 0          ; 0    ; 0            ; 2 (2)        ; 0 (0)             ; 0 (0)            ; 0 (0)           ; 0 (0)      ; |IC_2|DP:inst3|8BitAdderSubtractor:inst15|8BitAdder:inst|FullAdder:inst10 ; work         ;
;             |FullAdder:inst11|     ; 2 (2)       ; 0            ; 0          ; 0    ; 0            ; 2 (2)        ; 0 (0)             ; 0 (0)            ; 0 (0)           ; 0 (0)      ; |IC_2|DP:inst3|8BitAdderSubtractor:inst15|8BitAdder:inst|FullAdder:inst11 ; work         ;
;             |FullAdder:inst12|     ; 2 (2)       ; 0            ; 0          ; 0    ; 0            ; 2 (2)        ; 0 (0)             ; 0 (0)            ; 0 (0)           ; 0 (0)      ; |IC_2|DP:inst3|8BitAdderSubtractor:inst15|8BitAdder:inst|FullAdder:inst12 ; work         ;
;             |FullAdder:inst13|     ; 2 (2)       ; 0            ; 0          ; 0    ; 0            ; 2 (2)        ; 0 (0)             ; 0 (0)            ; 0 (0)           ; 0 (0)      ; |IC_2|DP:inst3|8BitAdderSubtractor:inst15|8BitAdder:inst|FullAdder:inst13 ; work         ;
;             |FullAdder:inst14|     ; 2 (2)       ; 0            ; 0          ; 0    ; 0            ; 2 (2)        ; 0 (0)             ; 0 (0)            ; 0 (0)           ; 0 (0)      ; |IC_2|DP:inst3|8BitAdderSubtractor:inst15|8BitAdder:inst|FullAdder:inst14 ; work         ;
;             |FullAdder:inst15|     ; 1 (1)       ; 0            ; 0          ; 0    ; 0            ; 1 (1)        ; 0 (0)             ; 0 (0)            ; 0 (0)           ; 0 (0)      ; |IC_2|DP:inst3|8BitAdderSubtractor:inst15|8BitAdder:inst|FullAdder:inst15 ; work         ;
;             |FullAdder:inst8|      ; 3 (3)       ; 0            ; 0          ; 0    ; 0            ; 3 (3)        ; 0 (0)             ; 0 (0)            ; 0 (0)           ; 0 (0)      ; |IC_2|DP:inst3|8BitAdderSubtractor:inst15|8BitAdder:inst|FullAdder:inst8  ; work         ;
;             |FullAdder:inst9|      ; 2 (2)       ; 0            ; 0          ; 0    ; 0            ; 2 (2)        ; 0 (0)             ; 0 (0)            ; 0 (0)           ; 0 (0)      ; |IC_2|DP:inst3|8BitAdderSubtractor:inst15|8BitAdder:inst|FullAdder:inst9  ; work         ;
;       |8bitRegister:inst13|        ; 9 (9)       ; 8            ; 0          ; 0    ; 0            ; 1 (1)        ; 0 (0)             ; 8 (8)            ; 0 (0)           ; 0 (0)      ; |IC_2|DP:inst3|8bitRegister:inst13                                        ; work         ;
;       |Increment5bit:inst7|        ; 5 (5)       ; 0            ; 0          ; 0    ; 0            ; 5 (5)        ; 0 (0)             ; 0 (0)            ; 5 (5)           ; 0 (0)      ; |IC_2|DP:inst3|Increment5bit:inst7                                        ; work         ;
;       |Mux2to1:inst4|              ; 5 (5)       ; 0            ; 0          ; 0    ; 0            ; 5 (5)        ; 0 (0)             ; 0 (0)            ; 0 (0)           ; 0 (0)      ; |IC_2|DP:inst3|Mux2to1:inst4                                              ; work         ;
;       |Register5bit:inst6|         ; 10 (10)     ; 5            ; 0          ; 0    ; 0            ; 5 (5)        ; 0 (0)             ; 5 (5)            ; 0 (0)           ; 0 (0)      ; |IC_2|DP:inst3|Register5bit:inst6                                         ; work         ;
;       |RegisterIR:inst2|           ; 8 (8)       ; 8            ; 0          ; 0    ; 0            ; 0 (0)        ; 0 (0)             ; 8 (8)            ; 0 (0)           ; 0 (0)      ; |IC_2|DP:inst3|RegisterIR:inst2                                           ; work         ;
;       |SRAM8bitx32:inst|           ; 472 (472)   ; 264          ; 0          ; 0    ; 0            ; 208 (208)    ; 233 (233)         ; 31 (31)          ; 0 (0)           ; 0 (0)      ; |IC_2|DP:inst3|SRAM8bitx32:inst                                           ; work         ;
+------------------------------------+-------------+--------------+------------+------+--------------+--------------+-------------------+------------------+-----------------+------------+---------------------------------------------------------------------------+--------------+
Note: For table entries with two numbers listed, the numbers in parentheses indicate the number of resources of the given type used by the specific entity alone. The numbers listed outside of parentheses indicate the total resources of the given type used by the specific entity and all of its sub-entities in the hierarchy.


+------------------------------------------------------+
; General Register Statistics                          ;
+----------------------------------------------+-------+
; Statistic                                    ; Value ;
+----------------------------------------------+-------+
; Total registers                              ; 289   ;
; Number of registers using Synchronous Clear  ; 5     ;
; Number of registers using Synchronous Load   ; 8     ;
; Number of registers using Asynchronous Clear ; 12    ;
; Number of registers using Asynchronous Load  ; 0     ;
; Number of registers using Clock Enable       ; 277   ;
; Number of registers using Preset             ; 0     ;
+----------------------------------------------+-------+


+-------------------------------------------------------------------------------------------------------------------------------------------------------+
; Multiplexer Restructuring Statistics (Restructuring Performed)                                                                                        ;
+--------------------+-----------+---------------+----------------------+------------------------+------------+-----------------------------------------+
; Multiplexer Inputs ; Bus Width ; Baseline Area ; Area if Restructured ; Saving if Restructured ; Registered ; Example Multiplexer Output              ;
+--------------------+-----------+---------------+----------------------+------------------------+------------+-----------------------------------------+
; 3:1                ; 8 bits    ; 16 LEs        ; 8 LEs                ; 8 LEs                  ; Yes        ; |IC_2|DP:inst3|RegisterIR:inst2|IR1[2]  ;
; 4:1                ; 8 bits    ; 16 LEs        ; 16 LEs               ; 0 LEs                  ; Yes        ; |IC_2|DP:inst3|8bitRegister:inst13|inst ;
; 4:1                ; 5 bits    ; 10 LEs        ; 10 LEs               ; 0 LEs                  ; Yes        ; |IC_2|DP:inst3|Register5bit:inst6|PC[0] ;
+--------------------+-----------+---------------+----------------------+------------------------+------------+-----------------------------------------+


+-------------------------------+
; Analysis & Synthesis Messages ;
+-------------------------------+
Info: *******************************************************************
Info: Running Quartus II Analysis & Synthesis
    Info: Version 9.1 Build 350 03/24/2010 Service Pack 2 SJ Web Edition
    Info: Processing started: Mon May 05 10:09:57 2025
Info: Command: quartus_map --read_settings_files=on --write_settings_files=off Lab10 -c Lab10
Info: Found 1 design units, including 1 entities, in source file /users/catwarrior/documents/ac/lab2/8bitadder.bdf
    Info: Found entity 1: 8BitAdder
Info: Found 1 design units, including 1 entities, in source file /users/catwarrior/documents/ac/lab2/fulladder.bdf
    Info: Found entity 1: FullAdder
Info: Found 1 design units, including 1 entities, in source file /users/catwarrior/documents/ac/lab2/8bitaddersubtractor.bdf
    Info: Found entity 1: 8BitAdderSubtractor
Info: Found 1 design units, including 1 entities, in source file /users/catwarrior/documents/ac/lab6/8bitregister.bdf
    Info: Found entity 1: 8bitRegister
Info: Found 1 design units, including 1 entities, in source file ram8bitx32loc.v
    Info: Found entity 1: SRAM8bitx32
Info: Found 1 design units, including 1 entities, in source file ram8bitx32.bdf
    Info: Found entity 1: RAM8bitx32
Info: Found 1 design units, including 1 entities, in source file dp.bdf
    Info: Found entity 1: DP
Info: Found 1 design units, including 1 entities, in source file mux2to1.v
    Info: Found entity 1: Mux2to1
Info: Found 1 design units, including 1 entities, in source file registerir.v
    Info: Found entity 1: RegisterIR
Info: Found 1 design units, including 1 entities, in source file register5bit.v
    Info: Found entity 1: Register5bit
Info: Found 1 design units, including 1 entities, in source file increment5bit.v
    Info: Found entity 1: Increment5bit
Info: Found 1 design units, including 1 entities, in source file mux4to1.v
    Info: Found entity 1: Mux4to1
Info: Found 1 design units, including 1 entities, in source file ic_2.bdf
    Info: Found entity 1: IC_2
Info: Found 1 design units, including 1 entities, in source file cu.bdf
    Info: Found entity 1: CU
Info: Found 1 design units, including 1 entities, in source file dff_m.bdf
    Info: Found entity 1: Dff_M
Info: Elaborating entity "IC_2" for the top level hierarchy
Info: Elaborating entity "CU" for hierarchy "CU:inst1"
Info: Elaborating entity "Dff_M" for hierarchy "CU:inst1|Dff_M:inst44"
Info: Elaborating entity "DP" for hierarchy "DP:inst3"
Info: Elaborating entity "8bitRegister" for hierarchy "DP:inst3|8bitRegister:inst13"
Info: Elaborating entity "Mux4to1" for hierarchy "DP:inst3|Mux4to1:inst11"
Info: Elaborating entity "8BitAdderSubtractor" for hierarchy "DP:inst3|8BitAdderSubtractor:inst15"
Info: Elaborating entity "8BitAdder" for hierarchy "DP:inst3|8BitAdderSubtractor:inst15|8BitAdder:inst"
Info: Elaborating entity "FullAdder" for hierarchy "DP:inst3|8BitAdderSubtractor:inst15|8BitAdder:inst|FullAdder:inst15"
Info: Elaborating entity "SRAM8bitx32" for hierarchy "DP:inst3|SRAM8bitx32:inst"
Info: Elaborating entity "Mux2to1" for hierarchy "DP:inst3|Mux2to1:inst4"
Info: Elaborating entity "Register5bit" for hierarchy "DP:inst3|Register5bit:inst6"
Info: Elaborating entity "Increment5bit" for hierarchy "DP:inst3|Increment5bit:inst7"
Warning (10230): Verilog HDL assignment warning at Increment5bit.v(6): truncated value with size 32 to match size of target (5)
Info: Elaborating entity "RegisterIR" for hierarchy "DP:inst3|RegisterIR:inst2"
Warning: Clock multiplexers are found and protected
    Warning: Found clock multiplexer CU:inst1|inst39~synth
Info: Implemented 566 device resources after synthesis - the final resource count might be different
    Info: Implemented 11 input pins
    Info: Implemented 12 output pins
    Info: Implemented 543 logic cells
Info: Quartus II Analysis & Synthesis was successful. 0 errors, 3 warnings
    Info: Peak virtual memory: 224 megabytes
    Info: Processing ended: Mon May 05 10:09:59 2025
    Info: Elapsed time: 00:00:02
    Info: Total CPU time (on all processors): 00:00:02


